<?xml version="1.0" encoding="UTF-8"?>
<!-- Generated by org.testng.reporters.JUnitXMLReporter -->
<testsuite ignored="0" hostname="LAPTOP-RCK7UHOB" failures="0" tests="10" name="Default test" time="29.395" errors="0" timestamp="2024-11-16T15:52:19 EET">
  <testcase classname="Testing" name="Language" time="0.03"/>
  <testcase classname="Testing" name="currency" time="0.029"/>
  <testcase classname="Testing" name="ContactNum" time="0.018"/>
  <testcase classname="Testing" name="QitafLogo" time="0.033"/>
  <testcase classname="Testing" name="HotelTabNotSelected" time="0.018"/>
  <testcase classname="Testing" name="DepartureTime" time="0.019"/>
  <testcase classname="Testing" name="ReturnTime" time="0.015"/>
  <testcase classname="Testing" name="RandLang" time="3.197"/>
  <testcase classname="Testing" name="CheckifFinished" time="23.031"/>
  <testcase classname="Testing" name="CheckTheSortOption" time="0.745"/>
</testsuite> <!-- Default test -->
