<?xml version="1.0" encoding="UTF-8"?>
<testng-results ignored="0" total="10" passed="10" failed="0" skipped="0">
  <reporter-output>
  </reporter-output>
  <suite started-at="2024-11-16T15:51:49 EET" name="Default suite" finished-at="2024-11-16T15:52:19 EET" duration-ms="29395">
    <groups>
    </groups>
    <test started-at="2024-11-16T15:51:49 EET" name="Default test" finished-at="2024-11-16T15:52:19 EET" duration-ms="29395">
      <class name="Testing">
        <test-method is-config="true" signature="setup()[pri:0, instance:Testing@2dd80673]" started-at="2024-11-16T15:51:49 EET" name="setup" finished-at="2024-11-16T15:51:51 EET" duration-ms="2229" status="PASS">
          <reporter-output>
          </reporter-output>
        </test-method> <!-- setup -->
        <test-method signature="Language()[pri:1, instance:Testing@2dd80673]" started-at="2024-11-16T15:51:51 EET" name="Language" finished-at="2024-11-16T15:51:52 EET" duration-ms="30" status="PASS">
          <reporter-output>
          </reporter-output>
        </test-method> <!-- Language -->
        <test-method signature="currency()[pri:2, instance:Testing@2dd80673]" started-at="2024-11-16T15:51:52 EET" name="currency" finished-at="2024-11-16T15:51:52 EET" duration-ms="29" status="PASS">
          <reporter-output>
          </reporter-output>
        </test-method> <!-- currency -->
        <test-method signature="ContactNum()[pri:3, instance:Testing@2dd80673]" started-at="2024-11-16T15:51:52 EET" name="ContactNum" finished-at="2024-11-16T15:51:52 EET" duration-ms="18" status="PASS">
          <reporter-output>
          </reporter-output>
        </test-method> <!-- ContactNum -->
        <test-method signature="QitafLogo()[pri:4, instance:Testing@2dd80673]" started-at="2024-11-16T15:51:52 EET" name="QitafLogo" finished-at="2024-11-16T15:51:52 EET" duration-ms="33" status="PASS">
          <reporter-output>
          </reporter-output>
        </test-method> <!-- QitafLogo -->
        <test-method signature="HotelTabNotSelected()[pri:5, instance:Testing@2dd80673]" started-at="2024-11-16T15:51:52 EET" name="HotelTabNotSelected" finished-at="2024-11-16T15:51:52 EET" duration-ms="18" status="PASS">
          <reporter-output>
          </reporter-output>
        </test-method> <!-- HotelTabNotSelected -->
        <test-method signature="DepartureTime()[pri:6, instance:Testing@2dd80673]" started-at="2024-11-16T15:51:52 EET" name="DepartureTime" finished-at="2024-11-16T15:51:52 EET" duration-ms="19" status="PASS">
          <reporter-output>
          </reporter-output>
        </test-method> <!-- DepartureTime -->
        <test-method signature="ReturnTime()[pri:7, instance:Testing@2dd80673]" started-at="2024-11-16T15:51:52 EET" name="ReturnTime" finished-at="2024-11-16T15:51:52 EET" duration-ms="15" status="PASS">
          <reporter-output>
          </reporter-output>
        </test-method> <!-- ReturnTime -->
        <test-method signature="RandLang()[pri:8, instance:Testing@2dd80673]" started-at="2024-11-16T15:51:52 EET" name="RandLang" finished-at="2024-11-16T15:51:55 EET" duration-ms="3197" status="PASS">
          <reporter-output>
          </reporter-output>
        </test-method> <!-- RandLang -->
        <test-method signature="CheckifFinished()[pri:9, instance:Testing@2dd80673]" started-at="2024-11-16T15:51:55 EET" name="CheckifFinished" finished-at="2024-11-16T15:52:18 EET" duration-ms="23031" status="PASS">
          <reporter-output>
          </reporter-output>
        </test-method> <!-- CheckifFinished -->
        <test-method signature="CheckTheSortOption()[pri:10, instance:Testing@2dd80673]" started-at="2024-11-16T15:52:18 EET" name="CheckTheSortOption" finished-at="2024-11-16T15:52:19 EET" duration-ms="745" status="PASS">
          <reporter-output>
          </reporter-output>
        </test-method> <!-- CheckTheSortOption -->
      </class> <!-- Testing -->
    </test> <!-- Default test -->
  </suite> <!-- Default suite -->
</testng-results>
